# JRE version: Java(TM) SE Runtime Environment (8.0_71-b15) (build 1.8.0_71-b15)
# Java VM: Java HotSpot(TM) 64-Bit Server VM (25.71-b15 mixed mode linux-amd64 compressed oops)
Heap:
 par new generation   total 153344K, used 126366K [0x00000000b0000000, 0x00000000ba660000, 0x00000000ba660000)
  eden space 136320K,  80% used [0x00000000b0000000, 0x00000000b6ac7928, 0x00000000b8520000)
  from space 17024K, 100% used [0x00000000b8520000, 0x00000000b95c0000, 0x00000000b95c0000)
  to   space 17024K,   0% used [0x00000000b95c0000, 0x00000000b95c0000, 0x00000000ba660000)
 concurrent mark-sweep generation total 200204K, used 108852K [0x00000000ba660000, 0x00000000c69e3000, 0x0000000100000000)
 Metaspace       used 138677K, capacity 140810K, committed 141288K, reserved 1169408K
  class space    used 20422K, capacity 20982K, committed 21080K, reserved 1048576K
GC Heap History (10 events):
Event: 32.242 GC heap before
{Heap before GC invocations=5 (full 5):
 par new generation   total 153344K, used 152047K [0x00000000b0000000, 0x00000000ba660000, 0x00000000ba660000)
  eden space 136320K, 100% used [0x00000000b0000000, 0x00000000b8520000, 0x00000000b8520000)
  from space 17024K,  92% used [0x00000000b95c0000, 0x00000000ba51bd88, 0x00000000ba660000)
  to   space 17024K,   0% used [0x00000000b8520000, 0x00000000b8520000, 0x00000000b95c0000)
 concurrent mark-sweep generation total 100524K, used 60313K [0x00000000ba660000, 0x00000000c088b000, 0x0000000100000000)
 Metaspace       used 96224K, capacity 97854K, committed 98280K, reserved 1134592K
  class space    used 13561K, capacity 14061K, committed 14168K, reserved 1048576K
Event: 32.285 GC heap after
Heap after GC invocations=6 (full 5):
 par new generation   total 153344K, used 17024K [0x00000000b0000000, 0x00000000ba660000, 0x00000000ba660000)
  eden space 136320K,   0% used [0x00000000b0000000, 0x00000000b0000000, 0x00000000b8520000)
  from space 17024K, 100% used [0x00000000b8520000, 0x00000000b95c0000, 0x00000000b95c0000)
  to   space 17024K,   0% used [0x00000000b95c0000, 0x00000000b95c0000, 0x00000000ba660000)
 concurrent mark-sweep generation total 100524K, used 60324K [0x00000000ba660000, 0x00000000c088b000, 0x0000000100000000)
 Metaspace       used 96224K, capacity 97854K, committed 98280K, reserved 1134592K
  class space    used 13561K, capacity 14061K, committed 14168K, reserved 1048576K
}
Event: 35.843 GC heap before
{Heap before GC invocations=6 (full 5):
 par new generation   total 153344K, used 153344K [0x00000000b0000000, 0x00000000ba660000, 0x00000000ba660000)
  eden space 136320K, 100% used [0x00000000b0000000, 0x00000000b8520000, 0x00000000b8520000)
  from space 17024K, 100% used [0x00000000b8520000, 0x00000000b95c0000, 0x00000000b95c0000)
  to   space 17024K,   0% used [0x00000000b95c0000, 0x00000000b95c0000, 0x00000000ba660000)
 concurrent mark-sweep generation total 100524K, used 60324K [0x00000000ba660000, 0x00000000c088b000, 0x0000000100000000)
 Metaspace       used 102754K, capacity 104726K, committed 105064K, reserved 1138688K
  class space    used 14441K, capacity 14960K, committed 15064K, reserved 1048576K
Event: 35.927 GC heap after
Heap after GC invocations=7 (full 5):
 par new generation   total 153344K, used 17024K [0x00000000b0000000, 0x00000000ba660000, 0x00000000ba660000)
  eden space 136320K,   0% used [0x00000000b0000000, 0x00000000b0000000, 0x00000000b8520000)
  from space 17024K, 100% used [0x00000000b95c0000, 0x00000000ba660000, 0x00000000ba660000)
  to   space 17024K,   0% used [0x00000000b8520000, 0x00000000b8520000, 0x00000000b95c0000)
 concurrent mark-sweep generation total 100524K, used 70897K [0x00000000ba660000, 0x00000000c088b000, 0x0000000100000000)
 Metaspace       used 102754K, capacity 104726K, committed 105064K, reserved 1138688K
  class space    used 14441K, capacity 14960K, committed 15064K, reserved 1048576K
}
Event: 42.212 GC heap before
{Heap before GC invocations=7 (full 6):
 par new generation   total 153344K, used 153344K [0x00000000b0000000, 0x00000000ba660000, 0x00000000ba660000)
  eden space 136320K, 100% used [0x00000000b0000000, 0x00000000b8520000, 0x00000000b8520000)
  from space 17024K, 100% used [0x00000000b95c0000, 0x00000000ba660000, 0x00000000ba660000)
  to   space 17024K,   0% used [0x00000000b8520000, 0x00000000b8520000, 0x00000000b95c0000)
 concurrent mark-sweep generation total 108604K, used 65161K [0x00000000ba660000, 0x00000000c106f000, 0x0000000100000000)
 Metaspace       used 116474K, capacity 118658K, committed 118888K, reserved 1150976K
  class space    used 16388K, capacity 17052K, committed 17112K, reserved 1048576K
Event: 42.334 GC heap after
Heap after GC invocations=8 (full 6):
 par new generation   total 153344K, used 17024K [0x00000000b0000000, 0x00000000ba660000, 0x00000000ba660000)
  eden space 136320K,   0% used [0x00000000b0000000, 0x00000000b0000000, 0x00000000b8520000)
  from space 17024K, 100% used [0x00000000b8520000, 0x00000000b95c0000, 0x00000000b95c0000)
  to   space 17024K,   0% used [0x00000000b95c0000, 0x00000000b95c0000, 0x00000000ba660000)
 concurrent mark-sweep generation total 108604K, used 89731K [0x00000000ba660000, 0x00000000c106f000, 0x0000000100000000)
 Metaspace       used 116474K, capacity 118658K, committed 118888K, reserved 1150976K
  class space    used 16388K, capacity 17052K, committed 17112K, reserved 1048576K
}
Event: 45.204 GC heap before
{Heap before GC invocations=8 (full 7):
 par new generation   total 153344K, used 153344K [0x00000000b0000000, 0x00000000ba660000, 0x00000000ba660000)
  eden space 136320K, 100% used [0x00000000b0000000, 0x00000000b8520000, 0x00000000b8520000)
  from space 17024K, 100% used [0x00000000b8520000, 0x00000000b95c0000, 0x00000000b95c0000)
  to   space 17024K,   0% used [0x00000000b95c0000, 0x00000000b95c0000, 0x00000000ba660000)
 concurrent mark-sweep generation total 115856K, used 69511K [0x00000000ba660000, 0x00000000c1784000, 0x0000000100000000)
 Metaspace       used 118554K, capacity 120756K, committed 120936K, reserved 1153024K
  class space    used 16595K, capacity 17279K, committed 17368K, reserved 1048576K
Event: 45.442 GC heap after
Heap after GC invocations=9 (full 7):
 par new generation   total 153344K, used 17024K [0x00000000b0000000, 0x00000000ba660000, 0x00000000ba660000)
  eden space 136320K,   0% used [0x00000000b0000000, 0x00000000b0000000, 0x00000000b8520000)
  from space 17024K, 100% used [0x00000000b95c0000, 0x00000000ba660000, 0x00000000ba660000)
  to   space 17024K,   0% used [0x00000000b8520000, 0x00000000b8520000, 0x00000000b95c0000)
 concurrent mark-sweep generation total 127784K, used 123044K [0x00000000ba660000, 0x00000000c232a000, 0x0000000100000000)
 Metaspace       used 118554K, capacity 120756K, committed 120936K, reserved 1153024K
  class space    used 16595K, capacity 17279K, committed 17368K, reserved 1048576K
}
Event: 49.636 GC heap before
{Heap before GC invocations=9 (full 8):
 par new generation   total 153344K, used 153344K [0x00000000b0000000, 0x00000000ba660000, 0x00000000ba660000)
  eden space 136320K, 100% used [0x00000000b0000000, 0x00000000b8520000, 0x00000000b8520000)
  from space 17024K, 100% used [0x00000000b95c0000, 0x00000000ba660000, 0x00000000ba660000)
  to   space 17024K,   0% used [0x00000000b8520000, 0x00000000b8520000, 0x00000000b95c0000)
 concurrent mark-sweep generation total 200204K, used 120120K [0x00000000ba660000, 0x00000000c69e3000, 0x0000000100000000)
 Metaspace       used 134182K, capacity 136304K, committed 136680K, reserved 1165312K
  class space    used 19851K, capacity 20455K, committed 20568K, reserved 1048576K
Event: 49.750 GC heap after
Heap after GC invocations=10 (full 8):
 par new generation   total 153344K, used 17024K [0x00000000b0000000, 0x00000000ba660000, 0x00000000ba660000)
  eden space 136320K,   0% used [0x00000000b0000000, 0x00000000b0000000, 0x00000000b8520000)
  from space 17024K, 100% used [0x00000000b8520000, 0x00000000b95c0000, 0x00000000b95c0000)
  to   space 17024K,   0% used [0x00000000b95c0000, 0x00000000b95c0000, 0x00000000ba660000)
 concurrent mark-sweep generation total 200204K, used 139590K [0x00000000ba660000, 0x00000000c69e3000, 0x0000000100000000)
 Metaspace       used 134182K, capacity 136304K, committed 136680K, reserved 1165312K
  class space    used 19851K, capacity 20455K, committed 20568K, reserved 1048576K
}

